c:\users\pc\documents\visual studio 2022\projects\maximocg\maximocg\debug\vc143.pdb
c:\users\pc\documents\visual studio 2022\projects\maximocg\maximocg\debug\vc143.idb
c:\users\pc\documents\visual studio 2022\projects\maximocg\maximocg\debug\window.obj
c:\users\pc\documents\visual studio 2022\projects\maximocg\maximocg\debug\texture.obj
c:\users\pc\documents\visual studio 2022\projects\maximocg\maximocg\debug\spotlight.obj
c:\users\pc\documents\visual studio 2022\projects\maximocg\maximocg\debug\sphere.obj
c:\users\pc\documents\visual studio 2022\projects\maximocg\maximocg\debug\skybox.obj
c:\users\pc\documents\visual studio 2022\projects\maximocg\maximocg\debug\shader_light.obj
c:\users\pc\documents\visual studio 2022\projects\maximocg\maximocg\debug\pointlight.obj
c:\users\pc\documents\visual studio 2022\projects\maximocg\maximocg\debug\model.obj
c:\users\pc\documents\visual studio 2022\projects\maximocg\maximocg\debug\mesh_tn.obj
c:\users\pc\documents\visual studio 2022\projects\maximocg\maximocg\debug\material.obj
c:\users\pc\documents\visual studio 2022\projects\maximocg\maximocg\debug\light.obj
c:\users\pc\documents\visual studio 2022\projects\maximocg\maximocg\debug\iluminación22023.obj
c:\users\pc\documents\visual studio 2022\projects\maximocg\maximocg\debug\directionallight.obj
c:\users\pc\documents\visual studio 2022\projects\maximocg\maximocg\debug\camera.obj
c:\users\pc\documents\visual studio 2022\projects\maximocg\debug\maximocg.exe
c:\users\pc\documents\visual studio 2022\projects\maximocg\maximocg\debug\maximocg.ilk
c:\users\pc\documents\visual studio 2022\projects\maximocg\debug\maximocg.pdb
c:\users\pc\documents\visual studio 2022\projects\maximocg\maximocg\debug\maximocg.tlog\cl.command.1.tlog
c:\users\pc\documents\visual studio 2022\projects\maximocg\maximocg\debug\maximocg.tlog\cl.read.1.tlog
c:\users\pc\documents\visual studio 2022\projects\maximocg\maximocg\debug\maximocg.tlog\cl.write.1.tlog
c:\users\pc\documents\visual studio 2022\projects\maximocg\maximocg\debug\maximocg.tlog\link.command.1.tlog
c:\users\pc\documents\visual studio 2022\projects\maximocg\maximocg\debug\maximocg.tlog\link.read.1.tlog
c:\users\pc\documents\visual studio 2022\projects\maximocg\maximocg\debug\maximocg.tlog\link.write.1.tlog
